{
  "stats": {
    "suites": 1,
    "tests": 1,
    "passes": 1,
    "pending": 0,
    "failures": 0,
    "start": "2024-06-11T17:00:53.816Z",
    "end": "2024-06-11T17:01:02.633Z",
    "duration": 8817,
    "testsRegistered": 1,
    "passPercent": 100,
    "pendingPercent": 0,
    "other": 0,
    "hasOther": false,
    "skipped": 0,
    "hasSkipped": false
  },
  "results": [
    {
      "uuid": "c65a8322-7a3a-4742-83dd-426fec7c1ea6",
      "title": "",
      "fullFile": "cypress\\Integrations\\Examples\\Testdata.js",
      "file": "cypress\\Integrations\\Examples\\Testdata.js",
      "beforeHooks": [],
      "afterHooks": [],
      "tests": [],
      "suites": [
        {
          "uuid": "5246e8b2-7d36-4684-8b98-f2a5ea04e8b2",
          "title": "Test data ",
          "fullFile": "",
          "file": "",
          "beforeHooks": [],
          "afterHooks": [],
          "tests": [
            {
              "title": "data",
              "fullTitle": "Test data  data",
              "timedOut": null,
              "duration": 5788,
              "state": "passed",
              "speed": "medium",
              "pass": true,
              "fail": false,
              "pending": false,
              "context": null,
              "code": "const homePage = new _HomePage.default();\ncy.visit(\"https://rahulshettyacademy.com/angularpractice/\");\n// cy.get(\".form-group  input[minlength='2']\").type(this.testdata.namName)\nhomePage.getEditbox().type(this.data.name);\ncy.get('a[href=\"/angularpractice/shop\"]').click();\n// over riding default  time out in spec file\n//cypress.config('defaultcommandtimeout',8000)\ncy.url().should('contain', 'shop');\nthis.data.productName.forEach(function (element) {\n  cy.selectProduct(element);\n});",
              "err": {},
              "uuid": "f0dfcf0c-10ff-4843-a6b9-70b5ad695bea",
              "parentUUID": "5246e8b2-7d36-4684-8b98-f2a5ea04e8b2",
              "isHook": false,
              "skipped": false
            }
          ],
          "suites": [],
          "passes": [
            "f0dfcf0c-10ff-4843-a6b9-70b5ad695bea"
          ],
          "failures": [],
          "pending": [],
          "skipped": [],
          "duration": 5788,
          "root": false,
          "rootEmpty": false,
          "_timeout": 2000
        }
      ],
      "passes": [],
      "failures": [],
      "pending": [],
      "skipped": [],
      "duration": 0,
      "root": true,
      "rootEmpty": true,
      "_timeout": 2000
    }
  ],
  "meta": {
    "mocha": {
      "version": "7.0.1"
    },
    "mochawesome": {
      "options": {
        "quiet": false,
        "reportFilename": "mochawesome",
        "saveHtml": false,
        "saveJson": true,
        "consoleReporter": "spec",
        "useInlineDiffs": false,
        "code": true
      },
      "version": "7.1.3"
    },
    "marge": {
      "options": {
        "overwrite": false,
        "html": false,
        "json": true,
        "reportDir": "cypress\\reports\\html\\.jsons"
      },
      "version": "6.2.0"
    }
  }
}