{
  "stats": {
    "suites": 1,
    "tests": 1,
    "passes": 1,
    "pending": 0,
    "failures": 0,
    "start": "2024-06-11T17:47:53.967Z",
    "end": "2024-06-11T17:48:13.317Z",
    "duration": 19350,
    "testsRegistered": 1,
    "passPercent": 100,
    "pendingPercent": 0,
    "other": 0,
    "hasOther": false,
    "skipped": 0,
    "hasSkipped": false
  },
  "results": [
    {
      "uuid": "da80b483-38fe-41cb-a658-ab19db648cdf",
      "title": "",
      "fullFile": "cypress\\Integrations\\Examples\\New Windoe.js",
      "file": "cypress\\Integrations\\Examples\\New Windoe.js",
      "beforeHooks": [],
      "afterHooks": [],
      "tests": [],
      "suites": [
        {
          "uuid": "43f62033-1576-4dcd-ad2a-c3301ff8824e",
          "title": "Child Window",
          "fullFile": "",
          "file": "",
          "beforeHooks": [],
          "afterHooks": [],
          "tests": [
            {
              "title": "Child Window",
              "fullTitle": "Child Window Child Window",
              "timedOut": null,
              "duration": 15562,
              "state": "passed",
              "speed": "slow",
              "pass": true,
              "fail": false,
              "pending": false,
              "context": null,
              "code": "cy.visit('https://rahulshettyacademy.com/AutomationPractice/');\ncy.get('#opentab').then(function (el) {\n  const url = el.prop('href');\n  cy.visit(url);\n  cy.origin(url, function () {\n    const ur = cy.url();\n    cy.log(ur);\n  });\n});",
              "err": {},
              "uuid": "311312d0-6bf2-4794-84e7-8f49820618b6",
              "parentUUID": "43f62033-1576-4dcd-ad2a-c3301ff8824e",
              "isHook": false,
              "skipped": false
            }
          ],
          "suites": [],
          "passes": [
            "311312d0-6bf2-4794-84e7-8f49820618b6"
          ],
          "failures": [],
          "pending": [],
          "skipped": [],
          "duration": 15562,
          "root": false,
          "rootEmpty": false,
          "_timeout": 2000
        }
      ],
      "passes": [],
      "failures": [],
      "pending": [],
      "skipped": [],
      "duration": 0,
      "root": true,
      "rootEmpty": true,
      "_timeout": 2000
    }
  ],
  "meta": {
    "mocha": {
      "version": "7.0.1"
    },
    "mochawesome": {
      "options": {
        "quiet": false,
        "reportFilename": "mochawesome",
        "saveHtml": false,
        "saveJson": true,
        "consoleReporter": "spec",
        "useInlineDiffs": false,
        "code": true
      },
      "version": "7.1.3"
    },
    "marge": {
      "options": {
        "overwrite": false,
        "html": false,
        "json": true,
        "reportDir": "cypress\\reports\\html\\.jsons"
      },
      "version": "6.2.0"
    }
  }
}