{
  "stats": {
    "suites": 1,
    "tests": 1,
    "passes": 1,
    "pending": 0,
    "failures": 0,
    "start": "2024-06-11T16:59:31.543Z",
    "end": "2024-06-11T16:59:52.192Z",
    "duration": 20649,
    "testsRegistered": 1,
    "passPercent": 100,
    "pendingPercent": 0,
    "other": 0,
    "hasOther": false,
    "skipped": 0,
    "hasSkipped": false
  },
  "results": [
    {
      "uuid": "128ba7d5-1a65-47cb-88bf-84e795f727bc",
      "title": "",
      "fullFile": "cypress\\Integrations\\Examples\\Full.js",
      "file": "cypress\\Integrations\\Examples\\Full.js",
      "beforeHooks": [],
      "afterHooks": [],
      "tests": [],
      "suites": [
        {
          "uuid": "94eca608-f8a2-4467-9364-dc20f40e05d7",
          "title": "End to End",
          "fullFile": "",
          "file": "",
          "beforeHooks": [],
          "afterHooks": [],
          "tests": [
            {
              "title": "End to End ",
              "fullTitle": "End to End End to End ",
              "timedOut": null,
              "duration": 15994,
              "state": "passed",
              "speed": "slow",
              "pass": true,
              "fail": false,
              "pending": false,
              "context": null,
              "code": "cy.visit(\"https://rahulshettyacademy.com/seleniumPractise/#/\");\n// To get text from the Title\ncy.get('.brand').then(function (logoname) {\n  cy.log(logoname.text());\n});\n//Assertion for title validation\ncy.get('.brand').should('have.text', 'GREENKART');\n//Enter in the search\ncy.get('.search-keyword').type('be');\ncy.wait(2000);\ncy.get('.product:visible').should('have.length', '5');\ncy.get('.product').eq(1).contains('ADD TO CART').click();\ncy.get('.products').find('.product').each(($el, Index, $list) => {\n  const veggies = $el.find('.product-name').text();\n  if (veggies.includes('Raspberry')) {\n    cy.wrap($el).contains('ADD TO CART').click();\n  }\n});\ncy.get('.cart-icon').click();\ncy.contains('PROCEED TO CHECKOUT').click();\ncy.get('.promoCode').type('Rajitha');\ncy.contains('Apply').click();\ncy.wait(2000);\ncy.get('.promoInfo').should('have.text', 'Invalid code ..!');\ncy.get('.promoInfo').then(function (promocode) {\n  cy.log(promocode.text());\n});\ncy.contains('Place Order').click();",
              "err": {},
              "uuid": "a079fbdc-1d8b-4cea-b58b-66d752355208",
              "parentUUID": "94eca608-f8a2-4467-9364-dc20f40e05d7",
              "isHook": false,
              "skipped": false
            }
          ],
          "suites": [],
          "passes": [
            "a079fbdc-1d8b-4cea-b58b-66d752355208"
          ],
          "failures": [],
          "pending": [],
          "skipped": [],
          "duration": 15994,
          "root": false,
          "rootEmpty": false,
          "_timeout": 2000
        }
      ],
      "passes": [],
      "failures": [],
      "pending": [],
      "skipped": [],
      "duration": 0,
      "root": true,
      "rootEmpty": true,
      "_timeout": 2000
    }
  ],
  "meta": {
    "mocha": {
      "version": "7.0.1"
    },
    "mochawesome": {
      "options": {
        "quiet": false,
        "reportFilename": "mochawesome",
        "saveHtml": false,
        "saveJson": true,
        "consoleReporter": "spec",
        "useInlineDiffs": false,
        "code": true
      },
      "version": "7.1.3"
    },
    "marge": {
      "options": {
        "overwrite": false,
        "html": false,
        "json": true,
        "reportDir": "cypress\\reports\\html\\.jsons"
      },
      "version": "6.2.0"
    }
  }
}