{
  "stats": {
    "suites": 1,
    "tests": 1,
    "passes": 1,
    "pending": 0,
    "failures": 0,
    "start": "2024-06-11T16:58:28.116Z",
    "end": "2024-06-11T16:58:55.025Z",
    "duration": 26909,
    "testsRegistered": 1,
    "passPercent": 100,
    "pendingPercent": 0,
    "other": 0,
    "hasOther": false,
    "skipped": 0,
    "hasSkipped": false
  },
  "results": [
    {
      "uuid": "4d386543-6b2b-4fb3-b133-8e69ce0bc0d1",
      "title": "",
      "fullFile": "cypress\\Integrations\\Examples\\Child Window.js",
      "file": "cypress\\Integrations\\Examples\\Child Window.js",
      "beforeHooks": [],
      "afterHooks": [],
      "tests": [],
      "suites": [
        {
          "uuid": "113ec5ea-4b18-4693-b9af-b2673513ffd9",
          "title": "Child window Handles",
          "fullFile": "",
          "file": "",
          "beforeHooks": [],
          "afterHooks": [],
          "tests": [
            {
              "title": "Child window Handles",
              "fullTitle": "Child window Handles Child window Handles",
              "timedOut": null,
              "duration": 23023,
              "state": "passed",
              "speed": "slow",
              "pass": true,
              "fail": false,
              "pending": false,
              "context": null,
              "code": "cy.visit('https://rahulshettyacademy.com/AutomationPractice/');\n//cy.get('#opentab').click()\ncy.get('#opentab').invoke('removeAttr', 'target').click();\ncy.origin('https://www.qaclickacademy.com/', function () {\n  cy.get(\"div[class*='mt-50'] h2\").then(function (message) {\n    const str = message.text();\n    expect(str).to.equal('Welcome to QAClick Academy ');\n  });\n});",
              "err": {},
              "uuid": "1c3a8372-e23a-4473-a58c-ac4a0085c12f",
              "parentUUID": "113ec5ea-4b18-4693-b9af-b2673513ffd9",
              "isHook": false,
              "skipped": false
            }
          ],
          "suites": [],
          "passes": [
            "1c3a8372-e23a-4473-a58c-ac4a0085c12f"
          ],
          "failures": [],
          "pending": [],
          "skipped": [],
          "duration": 23023,
          "root": false,
          "rootEmpty": false,
          "_timeout": 2000
        }
      ],
      "passes": [],
      "failures": [],
      "pending": [],
      "skipped": [],
      "duration": 0,
      "root": true,
      "rootEmpty": true,
      "_timeout": 2000
    }
  ],
  "meta": {
    "mocha": {
      "version": "7.0.1"
    },
    "mochawesome": {
      "options": {
        "quiet": false,
        "reportFilename": "mochawesome",
        "saveHtml": false,
        "saveJson": true,
        "consoleReporter": "spec",
        "useInlineDiffs": false,
        "code": true
      },
      "version": "7.1.3"
    },
    "marge": {
      "options": {
        "overwrite": false,
        "html": false,
        "json": true,
        "reportDir": "cypress\\reports\\html\\.jsons"
      },
      "version": "6.2.0"
    }
  }
}