{
  "stats": {
    "suites": 1,
    "tests": 1,
    "passes": 1,
    "pending": 0,
    "failures": 0,
    "start": "2024-06-11T17:00:11.755Z",
    "end": "2024-06-11T17:00:35.468Z",
    "duration": 23713,
    "testsRegistered": 1,
    "passPercent": 100,
    "pendingPercent": 0,
    "other": 0,
    "hasOther": false,
    "skipped": 0,
    "hasSkipped": false
  },
  "results": [
    {
      "uuid": "87ef90fd-c7d6-4992-a5cb-91c9dedcd778",
      "title": "",
      "fullFile": "cypress\\Integrations\\Examples\\New Windoe.js",
      "file": "cypress\\Integrations\\Examples\\New Windoe.js",
      "beforeHooks": [],
      "afterHooks": [],
      "tests": [],
      "suites": [
        {
          "uuid": "b747bccb-0cd4-4e9e-a9e3-9b187756d89f",
          "title": "Child Window",
          "fullFile": "",
          "file": "",
          "beforeHooks": [],
          "afterHooks": [],
          "tests": [
            {
              "title": "Child Window",
              "fullTitle": "Child Window Child Window",
              "timedOut": null,
              "duration": 20540,
              "state": "passed",
              "speed": "slow",
              "pass": true,
              "fail": false,
              "pending": false,
              "context": null,
              "code": "cy.visit('https://rahulshettyacademy.com/AutomationPractice/');\ncy.get('#opentab').then(function (el) {\n  const url = el.prop('href');\n  cy.visit(url);\n  cy.origin(url, function () {\n    const ur = cy.url();\n    cy.log(ur);\n  });\n});",
              "err": {},
              "uuid": "751bfa7c-8900-485b-ba7e-d9b53417e1f6",
              "parentUUID": "b747bccb-0cd4-4e9e-a9e3-9b187756d89f",
              "isHook": false,
              "skipped": false
            }
          ],
          "suites": [],
          "passes": [
            "751bfa7c-8900-485b-ba7e-d9b53417e1f6"
          ],
          "failures": [],
          "pending": [],
          "skipped": [],
          "duration": 20540,
          "root": false,
          "rootEmpty": false,
          "_timeout": 2000
        }
      ],
      "passes": [],
      "failures": [],
      "pending": [],
      "skipped": [],
      "duration": 0,
      "root": true,
      "rootEmpty": true,
      "_timeout": 2000
    }
  ],
  "meta": {
    "mocha": {
      "version": "7.0.1"
    },
    "mochawesome": {
      "options": {
        "quiet": false,
        "reportFilename": "mochawesome",
        "saveHtml": false,
        "saveJson": true,
        "consoleReporter": "spec",
        "useInlineDiffs": false,
        "code": true
      },
      "version": "7.1.3"
    },
    "marge": {
      "options": {
        "overwrite": false,
        "html": false,
        "json": true,
        "reportDir": "cypress\\reports\\html\\.jsons"
      },
      "version": "6.2.0"
    }
  }
}