{
  "stats": {
    "suites": 1,
    "tests": 1,
    "passes": 1,
    "pending": 0,
    "failures": 0,
    "start": "2024-06-11T17:47:37.385Z",
    "end": "2024-06-11T17:47:50.991Z",
    "duration": 13606,
    "testsRegistered": 1,
    "passPercent": 100,
    "pendingPercent": 0,
    "other": 0,
    "hasOther": false,
    "skipped": 0,
    "hasSkipped": false
  },
  "results": [
    {
      "uuid": "df4ed673-dd98-47f5-898d-48054e9efdc4",
      "title": "",
      "fullFile": "cypress\\Integrations\\Examples\\Mouse.js",
      "file": "cypress\\Integrations\\Examples\\Mouse.js",
      "beforeHooks": [],
      "afterHooks": [],
      "tests": [],
      "suites": [
        {
          "uuid": "1053f50c-90cf-4674-b8b3-26170983052e",
          "title": "Mouse hover",
          "fullFile": "",
          "file": "",
          "beforeHooks": [],
          "afterHooks": [],
          "tests": [
            {
              "title": "Mouse hover",
              "fullTitle": "Mouse hover Mouse hover",
              "timedOut": null,
              "duration": 9079,
              "state": "passed",
              "speed": "medium",
              "pass": true,
              "fail": false,
              "pending": false,
              "context": null,
              "code": "cy.visit(\"https://rahulshettyacademy.com/AutomationPractice/\");\n//cy.get('.mouse-hover-content').invoke('show')\n//cy.contains('Top').click()\n//cy.url().should('contains','top')\n// above this can be achived by cypress as well\ncy.contains('Reload').click({\n  force: true\n});",
              "err": {},
              "uuid": "91149170-877a-4cf4-8d0f-913aea124d59",
              "parentUUID": "1053f50c-90cf-4674-b8b3-26170983052e",
              "isHook": false,
              "skipped": false
            }
          ],
          "suites": [],
          "passes": [
            "91149170-877a-4cf4-8d0f-913aea124d59"
          ],
          "failures": [],
          "pending": [],
          "skipped": [],
          "duration": 9079,
          "root": false,
          "rootEmpty": false,
          "_timeout": 2000
        }
      ],
      "passes": [],
      "failures": [],
      "pending": [],
      "skipped": [],
      "duration": 0,
      "root": true,
      "rootEmpty": true,
      "_timeout": 2000
    }
  ],
  "meta": {
    "mocha": {
      "version": "7.0.1"
    },
    "mochawesome": {
      "options": {
        "quiet": false,
        "reportFilename": "mochawesome",
        "saveHtml": false,
        "saveJson": true,
        "consoleReporter": "spec",
        "useInlineDiffs": false,
        "code": true
      },
      "version": "7.1.3"
    },
    "marge": {
      "options": {
        "overwrite": false,
        "html": false,
        "json": true,
        "reportDir": "cypress\\reports\\html\\.jsons"
      },
      "version": "6.2.0"
    }
  }
}