{
  "stats": {
    "suites": 1,
    "tests": 1,
    "passes": 1,
    "pending": 0,
    "failures": 0,
    "start": "2024-06-11T17:45:15.046Z",
    "end": "2024-06-11T17:45:32.290Z",
    "duration": 17244,
    "testsRegistered": 1,
    "passPercent": 100,
    "pendingPercent": 0,
    "other": 0,
    "hasOther": false,
    "skipped": 0,
    "hasSkipped": false
  },
  "results": [
    {
      "uuid": "4b618d74-4574-430b-8233-4646a7297382",
      "title": "",
      "fullFile": "cypress\\Integrations\\Examples\\Alerts.js",
      "file": "cypress\\Integrations\\Examples\\Alerts.js",
      "beforeHooks": [],
      "afterHooks": [],
      "tests": [],
      "suites": [
        {
          "uuid": "78351c5f-e84d-43bf-b242-8395019c8ca1",
          "title": "Alerts Handeling",
          "fullFile": "",
          "file": "",
          "beforeHooks": [],
          "afterHooks": [],
          "tests": [
            {
              "title": "alert handeling",
              "fullTitle": "Alerts Handeling alert handeling",
              "timedOut": null,
              "duration": 11678,
              "state": "passed",
              "speed": "slow",
              "pass": true,
              "fail": false,
              "pending": false,
              "context": null,
              "code": "cy.visit(\"https://rahulshettyacademy.com/AutomationPractice/\");\ncy.get('#name').type('Rajitha');\ncy.get('#alertbtn').click();\ncy.get('#confirmbtn').click();\n// To Catcher Text from the pop up and validate we need to do following\ncy.on('window:alert', str => {\n  // cy.log(str.text())\n  expect(str).to.equal('Hello Rajitha, share this practice page and share your knowledge');\n});\ncy.on('window:confirm', str => {\n  expect(str).to.equal('Hello , Are you sure you want to confirm?');\n});",
              "err": {},
              "uuid": "e4b22064-4bc5-4a07-ba68-9add79dc428b",
              "parentUUID": "78351c5f-e84d-43bf-b242-8395019c8ca1",
              "isHook": false,
              "skipped": false
            }
          ],
          "suites": [],
          "passes": [
            "e4b22064-4bc5-4a07-ba68-9add79dc428b"
          ],
          "failures": [],
          "pending": [],
          "skipped": [],
          "duration": 11678,
          "root": false,
          "rootEmpty": false,
          "_timeout": 2000
        }
      ],
      "passes": [],
      "failures": [],
      "pending": [],
      "skipped": [],
      "duration": 0,
      "root": true,
      "rootEmpty": true,
      "_timeout": 2000
    }
  ],
  "meta": {
    "mocha": {
      "version": "7.0.1"
    },
    "mochawesome": {
      "options": {
        "quiet": false,
        "reportFilename": "mochawesome",
        "saveHtml": false,
        "saveJson": true,
        "consoleReporter": "spec",
        "useInlineDiffs": false,
        "code": true
      },
      "version": "7.1.3"
    },
    "marge": {
      "options": {
        "overwrite": false,
        "html": false,
        "json": true,
        "reportDir": "cypress\\reports\\html\\.jsons"
      },
      "version": "6.2.0"
    }
  }
}